<?xml version="1.0" encoding="UTF-8"?>
<!-- Generated by org.testng.reporters.JUnitReportReporter -->
<testsuite hostname="LAPTOP-8MEQBBM7" failures="0" tests="3" name="cucumberOptions.TestRunner" time="88.111" errors="0" timestamp="2020-11-19T10:21:49 GST" skipped="0">
  <testcase classname="cucumberOptions.TestRunner" name="feature" time="30.836"/>
  <system-out/>
  <testcase classname="cucumberOptions.TestRunner" name="feature" time="32.354"/>
  <system-out/>
  <testcase classname="cucumberOptions.TestRunner" name="feature" time="24.921"/>
  <system-out/>
</testsuite> <!-- cucumberOptions.TestRunner -->
